# WhatsApp / Meta ASN
IP-ASN,32934,no-resolve

DOMAIN-SUFFIX,instagram.com
DOMAIN-SUFFIX,ig.me
DOMAIN-SUFFIX,facebook.com
DOMAIN-SUFFIX,facebook.net
DOMAIN-SUFFIX,cdninstagram.com
DOMAIN-SUFFIX,fbcdn.net
DOMAIN-SUFFIX,fbsbx.com
DOMAIN-SUFFIX,internalfb.com
DOMAIN-SUFFIX,oculus.com
DOMAIN-SUFFIX,meta.com
DOMAIN-SUFFIX,threads.net
DOMAIN-SUFFIX,fb.com

# WhatsApp Domains
DOMAIN-SUFFIX,whatsapp.com
DOMAIN-SUFFIX,whatsapp.net
DOMAIN,web.whatsapp.com
DOMAIN,wa.me
DOMAIN,api.whatsapp.com
DOMAIN,graph.whatsapp.com
DOMAIN,g.whatsapp.net
DOMAIN,mmg.whatsapp.net
DOMAIN,static.whatsapp.net
DOMAIN,v.whatsapp.net
DOMAIN,pps.whatsapp.net
DOMAIN-SUFFIX,cdn.whatsapp.net
DOMAIN-SUFFIX,fna.whatsapp.net
DOMAIN,e11.whatsapp.net
DOMAIN,e12.whatsapp.net
DOMAIN,e13.whatsapp.net
DOMAIN,e14.whatsapp.net
DOMAIN,e15.whatsapp.net
DOMAIN,e16.whatsapp.net
